Started GET "/" for ::1 at 2020-04-19 23:56:03 +0900
Processing by Rails::WelcomeController#index as HTML
  Rendering C:/Ruby26-x64/lib/ruby/gems/2.6.0/gems/railties-5.2.4.2/lib/rails/templates/rails/welcome/index.html.erb
  Rendered C:/Ruby26-x64/lib/ruby/gems/2.6.0/gems/railties-5.2.4.2/lib/rails/templates/rails/welcome/index.html.erb (4.8ms)
Completed 200 OK in 32ms (Views: 20.8ms | ActiveRecord: 0.0ms)


Started GET "/" for ::1 at 2020-04-20 14:43:21 +0900
  
ActionController::RoutingError (undefined method `project_from_forgery' for ApplicationController:Class
Did you mean?  protect_from_forgery):
  
app/controllers/application_controller.rb:2:in `<class:ApplicationController>'
app/controllers/application_controller.rb:1:in `<top (required)>'
Started GET "/" for ::1 at 2020-04-20 14:45:03 +0900
Processing by ApplicationController#hello as HTML
  Rendering html template
  Rendered html template (0.0ms)
Completed 200 OK in 8ms (Views: 7.5ms | ActiveRecord: 0.0ms)


Started GET "/" for ::1 at 2020-04-20 14:51:29 +0900
Processing by ApplicationController#hello as HTML
  Rendering html template
  Rendered html template (0.0ms)
Completed 200 OK in 14ms (Views: 9.6ms | ActiveRecord: 0.0ms)


Started GET "/" for ::1 at 2020-04-20 14:52:02 +0900
Processing by ApplicationController#goodby as HTML
  Rendering html template
  Rendered html template (0.0ms)
Completed 200 OK in 5ms (Views: 4.4ms | ActiveRecord: 0.0ms)


Started GET "/" for ::1 at 2020-04-20 14:52:17 +0900
Processing by ApplicationController#goodby as HTML
  Rendering html template
  Rendered html template (0.0ms)
Completed 200 OK in 5ms (Views: 4.5ms | ActiveRecord: 0.0ms)


